<?xml version="1.0" encoding="UTF-8"?>
<testng-results skipped="0" failed="1" ignored="0" total="2" passed="1">
  <reporter-output>
  </reporter-output>
  <suite name="Default suite" duration-ms="63179" started-at="2022-02-01T20:00:21 PST" finished-at="2022-02-01T20:01:24 PST">
    <groups>
    </groups>
    <test name="Default test" duration-ms="63179" started-at="2022-02-01T20:00:21 PST" finished-at="2022-02-01T20:01:24 PST">
      <class name="Automationscrips.AllScripts">
        <test-method status="PASS" signature="setUp()[pri:0, instance:Automationscrips.AllScripts@60285225]" name="setUp" is-config="true" duration-ms="120" started-at="2022-02-01T20:00:21 PST" finished-at="2022-02-01T20:00:21 PST">
          <reporter-output>
          </reporter-output>
        </test-method> <!-- setUp -->
        <test-method status="PASS" signature="setup(java.lang.reflect.Method)[pri:0, instance:Automationscrips.AllScripts@60285225]" name="setup" is-config="true" duration-ms="6670" started-at="2022-02-01T20:00:21 PST" finished-at="2022-02-01T20:00:27 PST">
          <params>
            <param index="0">
              <value>
                <![CDATA[public static void Automationscrips.AllScripts.HandlePromptAlert() throws java.lang.InterruptedException]]>
              </value>
            </param>
          </params>
          <reporter-output>
          </reporter-output>
        </test-method> <!-- setup -->
        <test-method status="PASS" signature="HandlePromptAlert()[pri:1, instance:Automationscrips.AllScripts@60285225]" name="HandlePromptAlert" duration-ms="11017" started-at="2022-02-01T20:00:27 PST" finished-at="2022-02-01T20:00:39 PST">
          <reporter-output>
          </reporter-output>
        </test-method> <!-- HandlePromptAlert -->
        <test-method status="PASS" signature="tearDown(org.testng.ITestResult)[pri:0, instance:Automationscrips.AllScripts@60285225]" name="tearDown" is-config="true" duration-ms="2" started-at="2022-02-01T20:00:39 PST" finished-at="2022-02-01T20:00:39 PST">
          <params>
            <param index="0">
              <value>
                <![CDATA[[TestResult name=HandlePromptAlert status=SUCCESS method=AllScripts.HandlePromptAlert()[pri:1, instance:Automationscrips.AllScripts@60285225] output={null}]]]>
              </value>
            </param>
          </params>
          <reporter-output>
          </reporter-output>
        </test-method> <!-- tearDown -->
        <test-method status="PASS" signature="setup(java.lang.reflect.Method)[pri:0, instance:Automationscrips.AllScripts@60285225]" name="setup" is-config="true" duration-ms="4050" started-at="2022-02-01T20:00:39 PST" finished-at="2022-02-01T20:00:43 PST">
          <params>
            <param index="0">
              <value>
                <![CDATA[public static void Automationscrips.AllScripts.HandleWindowAlert() throws java.lang.InterruptedException]]>
              </value>
            </param>
          </params>
          <reporter-output>
          </reporter-output>
        </test-method> <!-- setup -->
        <test-method status="FAIL" signature="HandleWindowAlert()[pri:2, instance:Automationscrips.AllScripts@60285225]" name="HandleWindowAlert" duration-ms="40331" started-at="2022-02-01T20:00:43 PST" finished-at="2022-02-01T20:01:23 PST">
          <exception class="org.openqa.selenium.NoSuchElementException">
            <message>
              <![CDATA[no such element: Unable to locate element: {"method":"link text","selector":"Alerte"}
  (Session info: chrome=97.0.4692.99)
For documentation on this error, please visit: https://www.seleniumhq.org/exceptions/no_such_element.html
Build info: version: '3.141.59', revision: 'e82be7d358', time: '2018-11-14T08:17:03'
System info: host: 'Ashwinis-Air', ip: 'fe80:0:0:0:8bc:ef22:56d7:5c91%en0', os.name: 'Mac OS X', os.arch: 'x86_64', os.version: '10.16', java.version: '1.8.0_202'
Driver info: org.openqa.selenium.chrome.ChromeDriver
Capabilities {acceptInsecureCerts: false, browserName: chrome, browserVersion: 97.0.4692.99, chrome: {chromedriverVersion: 97.0.4692.71 (adefa7837d02a..., userDataDir: /var/folders/vj/0pl1btw53vb...}, goog:chromeOptions: {debuggerAddress: localhost:64146}, javascriptEnabled: true, networkConnectionEnabled: false, pageLoadStrategy: normal, platform: MAC, platformName: MAC, proxy: Proxy(), setWindowRect: true, strictFileInteractability: false, timeouts: {implicit: 0, pageLoad: 300000, script: 30000}, unhandledPromptBehavior: dismiss and notify, webauthn:extension:credBlob: true, webauthn:extension:largeBlob: true, webauthn:virtualAuthenticators: true}
Session ID: 2c0181402ac041e2de55e85e58b49726
*** Element info: {Using=link text, value=Alerte}]]>
            </message>
            <full-stacktrace>
              <![CDATA[org.openqa.selenium.NoSuchElementException: no such element: Unable to locate element: {"method":"link text","selector":"Alerte"}
  (Session info: chrome=97.0.4692.99)
For documentation on this error, please visit: https://www.seleniumhq.org/exceptions/no_such_element.html
Build info: version: '3.141.59', revision: 'e82be7d358', time: '2018-11-14T08:17:03'
System info: host: 'Ashwinis-Air', ip: 'fe80:0:0:0:8bc:ef22:56d7:5c91%en0', os.name: 'Mac OS X', os.arch: 'x86_64', os.version: '10.16', java.version: '1.8.0_202'
Driver info: org.openqa.selenium.chrome.ChromeDriver
Capabilities {acceptInsecureCerts: false, browserName: chrome, browserVersion: 97.0.4692.99, chrome: {chromedriverVersion: 97.0.4692.71 (adefa7837d02a..., userDataDir: /var/folders/vj/0pl1btw53vb...}, goog:chromeOptions: {debuggerAddress: localhost:64146}, javascriptEnabled: true, networkConnectionEnabled: false, pageLoadStrategy: normal, platform: MAC, platformName: MAC, proxy: Proxy(), setWindowRect: true, strictFileInteractability: false, timeouts: {implicit: 0, pageLoad: 300000, script: 30000}, unhandledPromptBehavior: dismiss and notify, webauthn:extension:credBlob: true, webauthn:extension:largeBlob: true, webauthn:virtualAuthenticators: true}
Session ID: 2c0181402ac041e2de55e85e58b49726
*** Element info: {Using=link text, value=Alerte}
at sun.reflect.NativeConstructorAccessorImpl.newInstance0(Native Method)
at sun.reflect.NativeConstructorAccessorImpl.newInstance(NativeConstructorAccessorImpl.java:62)
at sun.reflect.DelegatingConstructorAccessorImpl.newInstance(DelegatingConstructorAccessorImpl.java:45)
at java.lang.reflect.Constructor.newInstance(Constructor.java:423)
at org.openqa.selenium.remote.http.W3CHttpResponseCodec.createException(W3CHttpResponseCodec.java:187)
at org.openqa.selenium.remote.http.W3CHttpResponseCodec.decode(W3CHttpResponseCodec.java:122)
at org.openqa.selenium.remote.http.W3CHttpResponseCodec.decode(W3CHttpResponseCodec.java:49)
at org.openqa.selenium.remote.HttpCommandExecutor.execute(HttpCommandExecutor.java:158)
at org.openqa.selenium.remote.service.DriverCommandExecutor.execute(DriverCommandExecutor.java:83)
at org.openqa.selenium.remote.RemoteWebDriver.execute(RemoteWebDriver.java:552)
at org.openqa.selenium.remote.RemoteWebDriver.findElement(RemoteWebDriver.java:323)
at org.openqa.selenium.remote.RemoteWebDriver.findElementByLinkText(RemoteWebDriver.java:380)
at org.openqa.selenium.By$ByLinkText.findElement(By.java:220)
at org.openqa.selenium.remote.RemoteWebDriver.findElement(RemoteWebDriver.java:315)
at Automationscrips.AllScripts.HandleWindowAlert(AllScripts.java:33)
at sun.reflect.NativeMethodAccessorImpl.invoke0(Native Method)
at sun.reflect.NativeMethodAccessorImpl.invoke(NativeMethodAccessorImpl.java:62)
at sun.reflect.DelegatingMethodAccessorImpl.invoke(DelegatingMethodAccessorImpl.java:43)
at java.lang.reflect.Method.invoke(Method.java:498)
at org.testng.internal.MethodInvocationHelper.invokeMethod(MethodInvocationHelper.java:133)
at org.testng.internal.TestInvoker.invokeMethod(TestInvoker.java:598)
at org.testng.internal.TestInvoker.invokeTestMethod(TestInvoker.java:173)
at org.testng.internal.MethodRunner.runInSequence(MethodRunner.java:46)
at org.testng.internal.TestInvoker$MethodInvocationAgent.invoke(TestInvoker.java:824)
at org.testng.internal.TestInvoker.invokeTestMethods(TestInvoker.java:146)
at org.testng.internal.TestMethodWorker.invokeTestMethods(TestMethodWorker.java:146)
at org.testng.internal.TestMethodWorker.run(TestMethodWorker.java:128)
at java.util.ArrayList.forEach(ArrayList.java:1257)
at org.testng.TestRunner.privateRun(TestRunner.java:794)
at org.testng.TestRunner.run(TestRunner.java:596)
at org.testng.SuiteRunner.runTest(SuiteRunner.java:377)
at org.testng.SuiteRunner.runSequentially(SuiteRunner.java:371)
at org.testng.SuiteRunner.privateRun(SuiteRunner.java:332)
at org.testng.SuiteRunner.run(SuiteRunner.java:276)
at org.testng.SuiteRunnerWorker.runSuite(SuiteRunnerWorker.java:53)
at org.testng.SuiteRunnerWorker.run(SuiteRunnerWorker.java:96)
at org.testng.TestNG.runSuitesSequentially(TestNG.java:1212)
at org.testng.TestNG.runSuitesLocally(TestNG.java:1134)
at org.testng.TestNG.runSuites(TestNG.java:1063)
at org.testng.TestNG.run(TestNG.java:1031)
at org.testng.remote.AbstractRemoteTestNG.run(AbstractRemoteTestNG.java:115)
at org.testng.remote.RemoteTestNG.initAndRun(RemoteTestNG.java:251)
at org.testng.remote.RemoteTestNG.main(RemoteTestNG.java:77)
]]>
            </full-stacktrace>
          </exception> <!-- org.openqa.selenium.NoSuchElementException -->
          <reporter-output>
          </reporter-output>
        </test-method> <!-- HandleWindowAlert -->
        <test-method status="PASS" signature="tearDown(org.testng.ITestResult)[pri:0, instance:Automationscrips.AllScripts@60285225]" name="tearDown" is-config="true" duration-ms="552" started-at="2022-02-01T20:01:23 PST" finished-at="2022-02-01T20:01:23 PST">
          <params>
            <param index="0">
              <value>
                <![CDATA[[TestResult name=HandleWindowAlert status=FAILURE method=AllScripts.HandleWindowAlert()[pri:2, instance:Automationscrips.AllScripts@60285225] output={null}]]]>
              </value>
            </param>
          </params>
          <reporter-output>
          </reporter-output>
        </test-method> <!-- tearDown -->
        <test-method status="PASS" signature="endUp()[pri:0, instance:Automationscrips.AllScripts@60285225]" name="endUp" is-config="true" duration-ms="372" started-at="2022-02-01T20:01:23 PST" finished-at="2022-02-01T20:01:24 PST">
          <reporter-output>
          </reporter-output>
        </test-method> <!-- endUp -->
      </class> <!-- Automationscrips.AllScripts -->
    </test> <!-- Default test -->
  </suite> <!-- Default suite -->
</testng-results>
